<?xml version="1.0" encoding="UTF-8"?>
<!-- Generated by org.testng.reporters.JUnitXMLReporter -->
<testsuite hostname="EddyPooh" name="Test" tests="35" failures="2" timestamp="11 May 2015 00:44:14 GMT" time="1.318" errors="0">
  <testcase name="checkRequest" time="0.428" classname="backEndTestBackage.UserEntityTest"/>
  <testcase name="checkRequest" time="0.005" classname="backEndTestBackage.UserEntityTest"/>
  <testcase name="getPageSearch" time="0.003" classname="backEndTestBackage.PageEntityTest">
    <failure type="java.lang.AssertionError" message="expected [null] but found [com.FCI.SWE.Models.PageEntity@47cee369]">
      <![CDATA[java.lang.AssertionError: expected [null] but found [com.FCI.SWE.Models.PageEntity@47cee369]
	at backEndTestBackage.PageEntityTest.getPageSearch(PageEntityTest.java:18)
... Removed 28 stack frames]]>
    </failure>
  </testcase> <!-- getPageSearch -->
  <testcase name="likePage" time="0.002" classname="backEndTestBackage.PageEntityTest">
    <failure type="java.lang.AssertionError" message="expected [null] but found [com.FCI.SWE.Models.PageEntity@24c96a1a]">
      <![CDATA[java.lang.AssertionError: expected [null] but found [com.FCI.SWE.Models.PageEntity@24c96a1a]
	at backEndTestBackage.PageEntityTest.likePage(PageEntityTest.java:29)
... Removed 28 stack frames]]>
    </failure>
  </testcase> <!-- likePage -->
  <testcase name="createPost" time="0.122" classname="backEndTestBackage.PostEntityTest"/>
  <testcase name="createPost" time="0.005" classname="backEndTestBackage.PostEntityTest"/>
  <testcase name="getMostTags" time="0.005" classname="backEndTestBackage.PostEntityTest"/>
  <testcase name="likePost" time="0.014" classname="backEndTestBackage.PostEntityTest"/>
  <testcase name="likePost" time="0.005" classname="backEndTestBackage.PostEntityTest"/>
  <testcase name="likePage" time="0.001" classname="backEndTestBackage.PostEntityTest">
    <skipped/>
  </testcase> <!-- likePage -->
  <testcase name="LoginService" time="0.039" classname="frontEndBackage.serviceTest"/>
  <testcase name="LoginService" time="0.02" classname="frontEndBackage.serviceTest"/>
  <testcase name="acceptRq" time="0.039" classname="frontEndBackage.serviceTest"/>
  <testcase name="acceptRq" time="0.032" classname="frontEndBackage.serviceTest"/>
  <testcase name="checkRq" time="0.023" classname="frontEndBackage.serviceTest"/>
  <testcase name="checkRq" time="0.017" classname="frontEndBackage.serviceTest"/>
  <testcase name="createPage" time="0.022" classname="frontEndBackage.serviceTest"/>
  <testcase name="createPage" time="0.016" classname="frontEndBackage.serviceTest"/>
  <testcase name="createpost" time="0.022" classname="frontEndBackage.serviceTest"/>
  <testcase name="createpost" time="0.016" classname="frontEndBackage.serviceTest"/>
  <testcase name="likePageService" time="0.016" classname="frontEndBackage.serviceTest"/>
  <testcase name="likePageService" time="0.019" classname="frontEndBackage.serviceTest"/>
  <testcase name="registrationService" time="0.02" classname="frontEndBackage.serviceTest"/>
  <testcase name="registrationService" time="0.019" classname="frontEndBackage.serviceTest"/>
  <testcase name="searchFriend" time="0.017" classname="frontEndBackage.serviceTest"/>
  <testcase name="searchFriend" time="0.02" classname="frontEndBackage.serviceTest"/>
  <testcase name="searchPage" time="0.02" classname="frontEndBackage.serviceTest"/>
  <testcase name="searchPage" time="0.016" classname="frontEndBackage.serviceTest"/>
  <testcase name="sendMsg" time="0.02" classname="frontEndBackage.serviceTest"/>
  <testcase name="sendMsg" time="0.02" classname="frontEndBackage.serviceTest"/>
  <testcase name="sendRequest" time="0.018" classname="frontEndBackage.serviceTest"/>
  <testcase name="showAllMsg" time="0.027" classname="frontEndBackage.serviceTest"/>
  <testcase name="showAllMsg" time="0.038" classname="frontEndBackage.serviceTest"/>
  <testcase name="showNewMsg" time="0.02" classname="frontEndBackage.serviceTest"/>
  <testcase name="showNewMsg" time="0.017" classname="frontEndBackage.serviceTest"/>
</testsuite> <!-- Test -->
